\BOOKMARK [1][-]{section.1}{\376\377\000Z\000a\001\102\000o\001\174\000e\000n\000i\000a\000\040\000p\000r\000o\000j\000e\000k\000t\000o\000w\000e\000:}{}% 1
\BOOKMARK [2][-]{subsection.1.1}{\376\377\000C\000e\000l\000e\000\040\000p\000r\000o\000j\000e\000k\000t\000u\000:}{section.1}% 2
\BOOKMARK [2][-]{subsection.1.2}{\376\377\000G\000r\000a\000f\000y\000:}{section.1}% 3
\BOOKMARK [1][-]{section.2}{\376\377\000M\000e\000t\000o\000d\000a\000\040\000p\000o\000m\000i\000a\000r\000o\000w\000a\000:}{}% 4
\BOOKMARK [2][-]{subsection.2.1}{\376\377\001\132\000r\000o\000d\000o\000w\000i\000s\000k\000o\000\040\000p\000o\000m\000i\000a\000r\000o\000w\000e\000:}{section.2}% 5
\BOOKMARK [2][-]{subsection.2.2}{\376\377\000P\000o\000m\000i\000a\000r\000y\000\040\000w\000y\000k\000o\000n\000y\000w\000a\000n\000e\000\040\000w\000\040\000p\000r\000o\000g\000r\000a\000m\000i\000e\000:}{section.2}% 6
\BOOKMARK [3][-]{subsubsection.2.2.1}{\376\377\000N\000a\000r\000z\001\031\000d\000z\000i\000e\000\040\000p\000o\000m\000i\000a\000r\000o\000w\000e\000:}{subsection.2.2}% 7
\BOOKMARK [3][-]{subsubsection.2.2.2}{\376\377\000P\000r\000z\000e\000b\000i\000e\000g\000\040\000p\000o\000m\000i\000a\000r\000u\000:}{subsection.2.2}% 8
\BOOKMARK [3][-]{subsubsection.2.2.3}{\376\377\000G\000e\000n\000e\000r\000o\000w\000a\000n\000i\000e\000\040\000g\000r\000a\000f\000u\000:}{subsection.2.2}% 9
\BOOKMARK [2][-]{subsection.2.3}{\376\377\000P\000r\000z\000e\000t\000w\000o\000r\000z\000e\000n\000i\000e\000\040\000w\000y\000n\000i\000k\000\363\000w\000\040\000w\000\040\000a\000r\000k\000u\000s\000z\000u\000\040\000k\000a\000l\000k\000u\000l\000a\000c\000y\000j\000n\000y\000m\000:}{section.2}% 10
\BOOKMARK [1][-]{section.3}{\376\377\000W\000y\000z\000n\000a\000c\000z\000a\000n\000i\000e\000\040\000M\000S\000T\000:}{}% 11
\BOOKMARK [2][-]{subsection.3.1}{\376\377\000A\000l\000g\000o\000r\000y\000t\000m\000\040\000P\000r\000i\000m\000a\000:}{section.3}% 12
\BOOKMARK [3][-]{subsubsection.3.1.1}{\376\377\000O\000p\000i\000s\000\040\000t\000e\000o\000r\000e\000t\000y\000c\000z\000n\000y\000:}{subsection.3.1}% 13
\BOOKMARK [3][-]{subsubsection.3.1.2}{\376\377\000Z\000a\000s\000t\000o\000s\000o\000w\000a\000n\000a\000\040\000i\000m\000p\000l\000e\000m\000e\000n\000t\000a\000c\000j\000a\000:}{subsection.3.1}% 14
\BOOKMARK [2][-]{subsection.3.2}{\376\377\000A\000l\000g\000o\000r\000y\000t\000m\000\040\000K\000r\000u\000s\000k\000a\000l\000a\000:}{section.3}% 15
\BOOKMARK [3][-]{subsubsection.3.2.1}{\376\377\000O\000p\000i\000s\000\040\000t\000e\000o\000r\000e\000t\000y\000c\000z\000n\000y\000:}{subsection.3.2}% 16
\BOOKMARK [3][-]{subsubsection.3.2.2}{\376\377\000Z\000a\000s\000t\000o\000s\000o\000w\000a\000n\000a\000\040\000i\000m\000p\000l\000e\000m\000e\000n\000t\000a\000c\000j\000a\000:}{subsection.3.2}% 17
\BOOKMARK [2][-]{subsection.3.3}{\376\377\000W\000y\000n\000i\000k\000i\000\040\000p\000o\000m\000i\000a\000r\000\363\000w\000:}{section.3}% 18
\BOOKMARK [2][-]{subsection.3.4}{\376\377\000A\000n\000a\000l\000i\000z\000a\000\040\000w\000y\000n\000i\000k\000\363\000w\000\040\000p\000o\000m\000i\000a\000r\000\363\000w\000:}{section.3}% 19
\BOOKMARK [3][-]{subsubsection.3.4.1}{\376\377\000A\000l\000g\000o\000r\000y\000t\000m\000\040\000P\000r\000i\000m\000a\000\040\000-\000\040\000r\000e\000p\000r\000e\000z\000e\000n\000t\000a\000c\000j\000a\000\040\000m\000a\000c\000i\000e\000r\000z\000o\000w\000a\000:}{subsection.3.4}% 20
\BOOKMARK [3][-]{subsubsection.3.4.2}{\376\377\000A\000l\000g\000o\000r\000y\000t\000m\000\040\000K\000r\000u\000s\000k\000a\000l\000a\000\040\000-\000\040\000r\000e\000p\000r\000e\000z\000e\000n\000t\000a\000c\000j\000a\000\040\000m\000a\000c\000i\000e\000r\000z\000o\000w\000a\000:}{subsection.3.4}% 21
\BOOKMARK [3][-]{subsubsection.3.4.3}{\376\377\000R\000e\000p\000r\000e\000z\000e\000n\000t\000a\000c\000j\000e\000\040\000l\000i\000s\000t\000o\000w\000e\000:}{subsection.3.4}% 22
\BOOKMARK [1][-]{section.4}{\376\377\000W\000y\000z\000n\000a\000c\000z\000a\000n\000i\000e\000\040\000n\000a\000j\000k\000r\000\363\000t\000s\000z\000e\000j\000\040\001\133\000c\000i\000e\001\174\000k\000i\000:}{}% 23
\BOOKMARK [2][-]{subsection.4.1}{\376\377\000A\000l\000g\000o\000r\000y\000t\000m\000\040\000D\000i\000j\000k\000s\000t\000r\000y\000:}{section.4}% 24
\BOOKMARK [3][-]{subsubsection.4.1.1}{\376\377\000O\000p\000i\000s\000\040\000t\000e\000o\000r\000e\000t\000y\000c\000z\000n\000y\000:}{subsection.4.1}% 25
\BOOKMARK [3][-]{subsubsection.4.1.2}{\376\377\000Z\000a\000s\000t\000o\000s\000o\000w\000a\000n\000a\000\040\000i\000m\000p\000l\000e\000m\000e\000n\000t\000a\000c\000j\000a\000:}{subsection.4.1}% 26
\BOOKMARK [2][-]{subsection.4.2}{\376\377\000A\000l\000g\000o\000r\000y\000t\000m\000\040\000B\000e\000l\000l\000m\000a\000n\000a\000-\000F\000o\000r\000d\000a\000:}{section.4}% 27
\BOOKMARK [3][-]{subsubsection.4.2.1}{\376\377\000O\000p\000i\000s\000\040\000t\000e\000o\000r\000e\000t\000y\000c\000z\000n\000y\000:}{subsection.4.2}% 28
\BOOKMARK [3][-]{subsubsection.4.2.2}{\376\377\000Z\000a\000s\000t\000o\000s\000o\000w\000a\000n\000a\000\040\000i\000m\000p\000l\000e\000m\000e\000n\000t\000a\000c\000j\000a\000:}{subsection.4.2}% 29
\BOOKMARK [2][-]{subsection.4.3}{\376\377\000W\000y\000n\000i\000k\000i\000\040\000p\000o\000m\000i\000a\000r\000\363\000w\000:}{section.4}% 30
\BOOKMARK [2][-]{subsection.4.4}{\376\377\000A\000n\000a\000l\000i\000z\000a\000\040\000w\000y\000n\000i\000k\000\363\000w\000\040\000p\000o\000m\000i\000a\000r\000\363\000w\000:}{section.4}% 31
\BOOKMARK [3][-]{subsubsection.4.4.1}{\376\377\000A\000l\000g\000o\000r\000y\000t\000m\000\040\000B\000e\000l\000l\000m\000a\000n\000a\000-\000F\000o\000r\000d\000a\000:}{subsection.4.4}% 32
\BOOKMARK [3][-]{subsubsection.4.4.2}{\376\377\000A\000l\000g\000o\000r\000y\000t\000m\000\040\000D\000i\000j\000k\000s\000t\000r\000y\000:}{subsection.4.4}% 33
\BOOKMARK [1][-]{section.5}{\376\377\000W\000n\000i\000o\000s\000k\000i\000:}{}% 34
